2011-05-09 16:36:18 Notice: Notice (8): Undefined index: firstname in [/home/matthewm/Documents/Development/Agriculture/api/code/app/controllers/farms_controller.php, line 410]
2011-05-09 16:36:18 Notice: Notice (8): Undefined index: lastname in [/home/matthewm/Documents/Development/Agriculture/api/code/app/controllers/farms_controller.php, line 410]
2011-05-09 16:36:18 Notice: Notice (8): Undefined index: PropertyID in [/home/matthewm/Documents/Development/Agriculture/api/code/app/controllers/farms_controller.php, line 411]
2011-05-09 16:36:18 Notice: Notice (8): Undefined index: PropertyID in [/home/matthewm/Documents/Development/Agriculture/api/code/app/controllers/farms_controller.php, line 377]
2011-05-09 16:36:18 Notice: Notice (8): Undefined index: firstname in [/home/matthewm/Documents/Development/Agriculture/api/code/app/controllers/farms_controller.php, line 391]
2011-05-09 16:36:18 Notice: Notice (8): Undefined index: lastname in [/home/matthewm/Documents/Development/Agriculture/api/code/app/controllers/farms_controller.php, line 391]
2011-05-09 16:36:18 Notice: Notice (8): Undefined index: PropertyID in [/home/matthewm/Documents/Development/Agriculture/api/code/app/controllers/farms_controller.php, line 392]
2011-05-09 16:36:18 Notice: Notice (8): Undefined index: firstname in [/home/matthewm/Documents/Development/Agriculture/api/code/app/controllers/farms_controller.php, line 400]
2011-05-09 16:36:18 Notice: Notice (8): Undefined index: lastname in [/home/matthewm/Documents/Development/Agriculture/api/code/app/controllers/farms_controller.php, line 400]
2011-05-09 16:36:18 Notice: Notice (8): Undefined index: PropertyID in [/home/matthewm/Documents/Development/Agriculture/api/code/app/controllers/farms_controller.php, line 401]
2011-05-09 16:36:18 Notice: Notice (8): Undefined index: firstname in [/home/matthewm/Documents/Development/Agriculture/api/code/app/controllers/farms_controller.php, line 660]
2011-05-09 16:36:19 Notice: Notice (8): Undefined index: lastname in [/home/matthewm/Documents/Development/Agriculture/api/code/app/controllers/farms_controller.php, line 660]
2011-05-09 16:36:19 Notice: Notice (8): Undefined index: PropertyID in [/home/matthewm/Documents/Development/Agriculture/api/code/app/controllers/farms_controller.php, line 661]
2011-05-09 16:36:19 Notice: Notice (8): Undefined index: firstname in [/home/matthewm/Documents/Development/Agriculture/api/code/app/controllers/farms_controller.php, line 710]
2011-05-09 16:36:19 Notice: Notice (8): Undefined index: lastname in [/home/matthewm/Documents/Development/Agriculture/api/code/app/controllers/farms_controller.php, line 710]
2011-05-09 16:36:19 Notice: Notice (8): Undefined index: PropertyID in [/home/matthewm/Documents/Development/Agriculture/api/code/app/controllers/farms_controller.php, line 711]
2011-05-09 16:36:19 Notice: Notice (8): Undefined index: firstname in [/home/matthewm/Documents/Development/Agriculture/api/code/app/controllers/farms_controller.php, line 260]
2011-05-09 16:36:19 Notice: Notice (8): Undefined index: lastname in [/home/matthewm/Documents/Development/Agriculture/api/code/app/controllers/farms_controller.php, line 260]
2011-05-09 16:36:19 Notice: Notice (8): Undefined index: PropertyID in [/home/matthewm/Documents/Development/Agriculture/api/code/app/controllers/farms_controller.php, line 261]
2011-05-09 16:36:19 Notice: Notice (8): Undefined index: firstname in [/home/matthewm/Documents/Development/Agriculture/api/code/app/controllers/farms_controller.php, line 760]
2011-05-09 16:36:19 Notice: Notice (8): Undefined index: lastname in [/home/matthewm/Documents/Development/Agriculture/api/code/app/controllers/farms_controller.php, line 760]
2011-05-09 16:36:19 Notice: Notice (8): Undefined index: PropertyID in [/home/matthewm/Documents/Development/Agriculture/api/code/app/controllers/farms_controller.php, line 761]
2011-05-09 16:36:19 Notice: Notice (8): Undefined index: firstname in [/home/matthewm/Documents/Development/Agriculture/api/code/app/controllers/farms_controller.php, line 750]
2011-05-09 16:36:19 Notice: Notice (8): Undefined index: lastname in [/home/matthewm/Documents/Development/Agriculture/api/code/app/controllers/farms_controller.php, line 750]
2011-05-09 16:36:19 Notice: Notice (8): Undefined index: PropertyID in [/home/matthewm/Documents/Development/Agriculture/api/code/app/controllers/farms_controller.php, line 751]
2011-05-09 16:36:19 Notice: Notice (8): Undefined index: firstname in [/home/matthewm/Documents/Development/Agriculture/api/code/app/controllers/farms_controller.php, line 650]
2011-05-09 16:36:19 Notice: Notice (8): Undefined index: lastname in [/home/matthewm/Documents/Development/Agriculture/api/code/app/controllers/farms_controller.php, line 650]
2011-05-09 16:36:19 Notice: Notice (8): Undefined index: PropertyID in [/home/matthewm/Documents/Development/Agriculture/api/code/app/controllers/farms_controller.php, line 651]
2011-05-09 16:36:19 Notice: Notice (8): Undefined index: firstname in [/home/matthewm/Documents/Development/Agriculture/api/code/app/controllers/farms_controller.php, line 700]
2011-05-09 16:36:19 Notice: Notice (8): Undefined index: lastname in [/home/matthewm/Documents/Development/Agriculture/api/code/app/controllers/farms_controller.php, line 700]
2011-05-09 16:36:19 Notice: Notice (8): Undefined index: PropertyID in [/home/matthewm/Documents/Development/Agriculture/api/code/app/controllers/farms_controller.php, line 701]
2011-05-09 16:36:19 Notice: Notice (8): Undefined index: PropertyID in [/home/matthewm/Documents/Development/Agriculture/api/code/app/controllers/farms_controller.php, line 677]
2011-05-09 16:36:20 Notice: Notice (8): Undefined index: firstname in [/home/matthewm/Documents/Development/Agriculture/api/code/app/controllers/farms_controller.php, line 691]
2011-05-09 16:36:20 Notice: Notice (8): Undefined index: lastname in [/home/matthewm/Documents/Development/Agriculture/api/code/app/controllers/farms_controller.php, line 691]
2011-05-09 16:36:20 Notice: Notice (8): Undefined index: PropertyID in [/home/matthewm/Documents/Development/Agriculture/api/code/app/controllers/farms_controller.php, line 692]
2011-05-09 16:36:20 Notice: Notice (8): Undefined index: firstname in [/home/matthewm/Documents/Development/Agriculture/api/code/app/controllers/farms_controller.php, line 460]
2011-05-09 16:36:20 Notice: Notice (8): Undefined index: lastname in [/home/matthewm/Documents/Development/Agriculture/api/code/app/controllers/farms_controller.php, line 460]
2011-05-09 16:36:20 Notice: Notice (8): Undefined index: PropertyID in [/home/matthewm/Documents/Development/Agriculture/api/code/app/controllers/farms_controller.php, line 461]
2011-05-09 16:36:20 Notice: Notice (8): Undefined index: firstname in [/home/matthewm/Documents/Development/Agriculture/api/code/app/controllers/farms_controller.php, line 450]
2011-05-09 16:36:20 Notice: Notice (8): Undefined index: lastname in [/home/matthewm/Documents/Development/Agriculture/api/code/app/controllers/farms_controller.php, line 450]
2011-05-09 16:36:20 Notice: Notice (8): Undefined index: PropertyID in [/home/matthewm/Documents/Development/Agriculture/api/code/app/controllers/farms_controller.php, line 451]
2011-05-09 16:36:20 Notice: Notice (8): Undefined index: PropertyID in [/home/matthewm/Documents/Development/Agriculture/api/code/app/controllers/farms_controller.php, line 627]
2011-05-09 16:36:20 Notice: Notice (8): Undefined index: firstname in [/home/matthewm/Documents/Development/Agriculture/api/code/app/controllers/farms_controller.php, line 641]
2011-05-09 16:36:20 Notice: Notice (8): Undefined index: lastname in [/home/matthewm/Documents/Development/Agriculture/api/code/app/controllers/farms_controller.php, line 641]
2011-05-09 16:36:20 Notice: Notice (8): Undefined index: PropertyID in [/home/matthewm/Documents/Development/Agriculture/api/code/app/controllers/farms_controller.php, line 642]
2011-05-09 16:36:20 Notice: Notice (8): Undefined index: firstname in [/home/matthewm/Documents/Development/Agriculture/api/code/app/controllers/farms_controller.php, line 250]
2011-05-09 16:36:20 Notice: Notice (8): Undefined index: lastname in [/home/matthewm/Documents/Development/Agriculture/api/code/app/controllers/farms_controller.php, line 250]
2011-05-09 16:36:20 Notice: Notice (8): Undefined index: PropertyID in [/home/matthewm/Documents/Development/Agriculture/api/code/app/controllers/farms_controller.php, line 251]
2011-05-09 16:36:20 Notice: Notice (8): Undefined index: firstname in [/home/matthewm/Documents/Development/Agriculture/api/code/app/controllers/farms_controller.php, line 110]
2011-05-09 16:36:21 Notice: Notice (8): Undefined index: lastname in [/home/matthewm/Documents/Development/Agriculture/api/code/app/controllers/farms_controller.php, line 110]
2011-05-09 16:36:21 Notice: Notice (8): Undefined index: PropertyID in [/home/matthewm/Documents/Development/Agriculture/api/code/app/controllers/farms_controller.php, line 111]
2011-05-09 16:36:21 Notice: Notice (8): Undefined index: firstname in [/home/matthewm/Documents/Development/Agriculture/api/code/app/controllers/farms_controller.php, line 100]
2011-05-09 16:36:21 Notice: Notice (8): Undefined index: lastname in [/home/matthewm/Documents/Development/Agriculture/api/code/app/controllers/farms_controller.php, line 100]
2011-05-09 16:36:21 Notice: Notice (8): Undefined index: PropertyID in [/home/matthewm/Documents/Development/Agriculture/api/code/app/controllers/farms_controller.php, line 101]
2011-05-09 16:36:21 Notice: Notice (8): Undefined index: firstname in [/home/matthewm/Documents/Development/Agriculture/api/code/app/controllers/farms_controller.php, line 360]
2011-05-09 16:36:21 Notice: Notice (8): Undefined index: lastname in [/home/matthewm/Documents/Development/Agriculture/api/code/app/controllers/farms_controller.php, line 360]
2011-05-09 16:36:21 Notice: Notice (8): Undefined index: PropertyID in [/home/matthewm/Documents/Development/Agriculture/api/code/app/controllers/farms_controller.php, line 361]
2011-05-09 16:36:21 Notice: Notice (8): Undefined index: firstname in [/home/matthewm/Documents/Development/Agriculture/api/code/app/controllers/farms_controller.php, line 350]
2011-05-09 16:36:21 Notice: Notice (8): Undefined index: lastname in [/home/matthewm/Documents/Development/Agriculture/api/code/app/controllers/farms_controller.php, line 350]
2011-05-09 16:36:21 Notice: Notice (8): Undefined index: PropertyID in [/home/matthewm/Documents/Development/Agriculture/api/code/app/controllers/farms_controller.php, line 351]
2011-05-09 16:36:21 Notice: Notice (8): Undefined index: PropertyID in [/home/matthewm/Documents/Development/Agriculture/api/code/app/controllers/farms_controller.php, line 227]
2011-05-09 16:36:21 Notice: Notice (8): Undefined index: firstname in [/home/matthewm/Documents/Development/Agriculture/api/code/app/controllers/farms_controller.php, line 241]
2011-05-09 16:36:21 Notice: Notice (8): Undefined index: lastname in [/home/matthewm/Documents/Development/Agriculture/api/code/app/controllers/farms_controller.php, line 241]
2011-05-09 16:36:21 Notice: Notice (8): Undefined index: PropertyID in [/home/matthewm/Documents/Development/Agriculture/api/code/app/controllers/farms_controller.php, line 242]
2011-05-09 16:36:21 Notice: Notice (8): Undefined index: firstname in [/home/matthewm/Documents/Development/Agriculture/api/code/app/controllers/farms_controller.php, line 560]
2011-05-09 16:36:21 Notice: Notice (8): Undefined index: lastname in [/home/matthewm/Documents/Development/Agriculture/api/code/app/controllers/farms_controller.php, line 560]
2011-05-09 16:36:21 Notice: Notice (8): Undefined index: PropertyID in [/home/matthewm/Documents/Development/Agriculture/api/code/app/controllers/farms_controller.php, line 561]
2011-05-09 16:36:22 Notice: Notice (8): Undefined index: firstname in [/home/matthewm/Documents/Development/Agriculture/api/code/app/controllers/farms_controller.php, line 550]
2011-05-09 16:36:22 Notice: Notice (8): Undefined index: lastname in [/home/matthewm/Documents/Development/Agriculture/api/code/app/controllers/farms_controller.php, line 550]
2011-05-09 16:36:22 Notice: Notice (8): Undefined index: PropertyID in [/home/matthewm/Documents/Development/Agriculture/api/code/app/controllers/farms_controller.php, line 551]
2011-05-09 16:36:22 Notice: Notice (8): Undefined index: firstname in [/home/matthewm/Documents/Development/Agriculture/api/code/app/controllers/farms_controller.php, line 510]
2011-05-09 16:36:22 Notice: Notice (8): Undefined index: lastname in [/home/matthewm/Documents/Development/Agriculture/api/code/app/controllers/farms_controller.php, line 510]
2011-05-09 16:36:22 Notice: Notice (8): Undefined index: PropertyID in [/home/matthewm/Documents/Development/Agriculture/api/code/app/controllers/farms_controller.php, line 511]
2011-05-09 16:36:22 Notice: Notice (8): Undefined index: firstname in [/home/matthewm/Documents/Development/Agriculture/api/code/app/controllers/farms_controller.php, line 500]
2011-05-09 16:36:22 Notice: Notice (8): Undefined index: lastname in [/home/matthewm/Documents/Development/Agriculture/api/code/app/controllers/farms_controller.php, line 500]
2011-05-09 16:36:22 Notice: Notice (8): Undefined index: PropertyID in [/home/matthewm/Documents/Development/Agriculture/api/code/app/controllers/farms_controller.php, line 501]
2011-05-09 16:36:22 Notice: Notice (8): Undefined index: PropertyID in [/home/matthewm/Documents/Development/Agriculture/api/code/app/controllers/farms_controller.php, line 527]
2011-05-09 16:36:22 Notice: Notice (8): Undefined index: firstname in [/home/matthewm/Documents/Development/Agriculture/api/code/app/controllers/farms_controller.php, line 541]
2011-05-09 16:36:22 Notice: Notice (8): Undefined index: lastname in [/home/matthewm/Documents/Development/Agriculture/api/code/app/controllers/farms_controller.php, line 541]
2011-05-09 16:36:22 Notice: Notice (8): Undefined index: PropertyID in [/home/matthewm/Documents/Development/Agriculture/api/code/app/controllers/farms_controller.php, line 542]
2011-05-09 16:36:22 Notice: Notice (8): Undefined index: PropertyID in [/home/matthewm/Documents/Development/Agriculture/api/code/app/controllers/farms_controller.php, line 477]
2011-05-09 16:36:22 Notice: Notice (8): Undefined index: firstname in [/home/matthewm/Documents/Development/Agriculture/api/code/app/controllers/farms_controller.php, line 491]
2011-05-09 16:36:22 Notice: Notice (8): Undefined index: lastname in [/home/matthewm/Documents/Development/Agriculture/api/code/app/controllers/farms_controller.php, line 491]
2011-05-09 16:36:22 Notice: Notice (8): Undefined index: PropertyID in [/home/matthewm/Documents/Development/Agriculture/api/code/app/controllers/farms_controller.php, line 492]
2011-05-09 16:36:22 Notice: Notice (8): Undefined index: firstname in [/home/matthewm/Documents/Development/Agriculture/api/code/app/controllers/farms_controller.php, line 610]
2011-05-09 16:36:22 Notice: Notice (8): Undefined index: lastname in [/home/matthewm/Documents/Development/Agriculture/api/code/app/controllers/farms_controller.php, line 610]
2011-05-09 16:36:23 Notice: Notice (8): Undefined index: PropertyID in [/home/matthewm/Documents/Development/Agriculture/api/code/app/controllers/farms_controller.php, line 611]
2011-05-09 16:36:23 Notice: Notice (8): Undefined index: firstname in [/home/matthewm/Documents/Development/Agriculture/api/code/app/controllers/farms_controller.php, line 160]
2011-05-09 16:36:23 Notice: Notice (8): Undefined index: lastname in [/home/matthewm/Documents/Development/Agriculture/api/code/app/controllers/farms_controller.php, line 160]
2011-05-09 16:36:23 Notice: Notice (8): Undefined index: PropertyID in [/home/matthewm/Documents/Development/Agriculture/api/code/app/controllers/farms_controller.php, line 161]
2011-05-09 16:36:23 Notice: Notice (8): Undefined index: firstname in [/home/matthewm/Documents/Development/Agriculture/api/code/app/controllers/farms_controller.php, line 150]
2011-05-09 16:36:23 Notice: Notice (8): Undefined index: lastname in [/home/matthewm/Documents/Development/Agriculture/api/code/app/controllers/farms_controller.php, line 150]
2011-05-09 16:36:23 Notice: Notice (8): Undefined index: PropertyID in [/home/matthewm/Documents/Development/Agriculture/api/code/app/controllers/farms_controller.php, line 151]
2011-05-09 16:36:23 Notice: Notice (8): Undefined index: PropertyID in [/home/matthewm/Documents/Development/Agriculture/api/code/app/controllers/farms_controller.php, line 127]
2011-05-09 16:36:23 Notice: Notice (8): Undefined index: firstname in [/home/matthewm/Documents/Development/Agriculture/api/code/app/controllers/farms_controller.php, line 141]
2011-05-09 16:36:23 Notice: Notice (8): Undefined index: lastname in [/home/matthewm/Documents/Development/Agriculture/api/code/app/controllers/farms_controller.php, line 141]
2011-05-09 16:36:23 Notice: Notice (8): Undefined index: PropertyID in [/home/matthewm/Documents/Development/Agriculture/api/code/app/controllers/farms_controller.php, line 142]
2011-05-09 16:36:23 Notice: Notice (8): Undefined index: firstname in [/home/matthewm/Documents/Development/Agriculture/api/code/app/controllers/farms_controller.php, line 310]
2011-05-09 16:36:23 Notice: Notice (8): Undefined index: lastname in [/home/matthewm/Documents/Development/Agriculture/api/code/app/controllers/farms_controller.php, line 310]
2011-05-09 16:36:23 Notice: Notice (8): Undefined index: PropertyID in [/home/matthewm/Documents/Development/Agriculture/api/code/app/controllers/farms_controller.php, line 311]
2011-05-09 16:36:23 Notice: Notice (8): Undefined index: PropertyID in [/home/matthewm/Documents/Development/Agriculture/api/code/app/controllers/farms_controller.php, line 327]
2011-05-09 16:36:23 Notice: Notice (8): Undefined index: firstname in [/home/matthewm/Documents/Development/Agriculture/api/code/app/controllers/farms_controller.php, line 341]
2011-05-09 16:36:23 Notice: Notice (8): Undefined index: lastname in [/home/matthewm/Documents/Development/Agriculture/api/code/app/controllers/farms_controller.php, line 341]
2011-05-09 16:36:24 Notice: Notice (8): Undefined index: PropertyID in [/home/matthewm/Documents/Development/Agriculture/api/code/app/controllers/farms_controller.php, line 342]
2011-05-09 16:36:24 Notice: Notice (8): Undefined index: PropertyID in [/home/matthewm/Documents/Development/Agriculture/api/code/app/controllers/farms_controller.php, line 277]
2011-05-09 16:36:24 Notice: Notice (8): Undefined index: firstname in [/home/matthewm/Documents/Development/Agriculture/api/code/app/controllers/farms_controller.php, line 291]
2011-05-09 16:36:24 Notice: Notice (8): Undefined index: lastname in [/home/matthewm/Documents/Development/Agriculture/api/code/app/controllers/farms_controller.php, line 291]
2011-05-09 16:36:24 Notice: Notice (8): Undefined index: PropertyID in [/home/matthewm/Documents/Development/Agriculture/api/code/app/controllers/farms_controller.php, line 292]
2011-05-09 16:36:24 Notice: Notice (8): Undefined index: firstname in [/home/matthewm/Documents/Development/Agriculture/api/code/app/controllers/farms_controller.php, line 300]
2011-05-09 16:36:24 Notice: Notice (8): Undefined index: lastname in [/home/matthewm/Documents/Development/Agriculture/api/code/app/controllers/farms_controller.php, line 300]
2011-05-09 16:36:24 Notice: Notice (8): Undefined index: PropertyID in [/home/matthewm/Documents/Development/Agriculture/api/code/app/controllers/farms_controller.php, line 301]
2011-05-09 16:36:24 Notice: Notice (8): Undefined index: PropertyID in [/home/matthewm/Documents/Development/Agriculture/api/code/app/controllers/farms_controller.php, line 77]
2011-05-09 16:36:24 Notice: Notice (8): Undefined index: firstname in [/home/matthewm/Documents/Development/Agriculture/api/code/app/controllers/farms_controller.php, line 91]
2011-05-09 16:36:24 Notice: Notice (8): Undefined index: lastname in [/home/matthewm/Documents/Development/Agriculture/api/code/app/controllers/farms_controller.php, line 91]
2011-05-09 16:36:24 Notice: Notice (8): Undefined index: PropertyID in [/home/matthewm/Documents/Development/Agriculture/api/code/app/controllers/farms_controller.php, line 92]
2011-05-09 16:36:24 Notice: Notice (8): Undefined index: firstname in [/home/matthewm/Documents/Development/Agriculture/api/code/app/controllers/farms_controller.php, line 600]
2011-05-09 16:36:24 Notice: Notice (8): Undefined index: lastname in [/home/matthewm/Documents/Development/Agriculture/api/code/app/controllers/farms_controller.php, line 600]
2011-05-09 16:36:24 Notice: Notice (8): Undefined index: PropertyID in [/home/matthewm/Documents/Development/Agriculture/api/code/app/controllers/farms_controller.php, line 601]
2011-05-09 16:36:24 Notice: Notice (8): Undefined index: PropertyID in [/home/matthewm/Documents/Development/Agriculture/api/code/app/controllers/farms_controller.php, line 577]
2011-05-09 16:36:25 Notice: Notice (8): Undefined index: firstname in [/home/matthewm/Documents/Development/Agriculture/api/code/app/controllers/farms_controller.php, line 591]
2011-05-09 16:36:25 Notice: Notice (8): Undefined index: lastname in [/home/matthewm/Documents/Development/Agriculture/api/code/app/controllers/farms_controller.php, line 591]
2011-05-09 16:36:25 Notice: Notice (8): Undefined index: PropertyID in [/home/matthewm/Documents/Development/Agriculture/api/code/app/controllers/farms_controller.php, line 592]
2011-05-09 16:36:25 Notice: Notice (8): Undefined index: PropertyID in [/home/matthewm/Documents/Development/Agriculture/api/code/app/controllers/farms_controller.php, line 427]
2011-05-09 16:36:25 Notice: Notice (8): Undefined index: firstname in [/home/matthewm/Documents/Development/Agriculture/api/code/app/controllers/farms_controller.php, line 441]
2011-05-09 16:36:25 Notice: Notice (8): Undefined index: lastname in [/home/matthewm/Documents/Development/Agriculture/api/code/app/controllers/farms_controller.php, line 441]
2011-05-09 16:36:25 Notice: Notice (8): Undefined index: PropertyID in [/home/matthewm/Documents/Development/Agriculture/api/code/app/controllers/farms_controller.php, line 442]
2011-05-09 16:41:46 Notice: Notice (8): Undefined index: firstname in [/home/matthewm/Documents/Development/Agriculture/api/code/app/views/farms/index.ctp, line 21]
2011-05-09 16:41:46 Notice: Notice (8): Undefined index: lastname in [/home/matthewm/Documents/Development/Agriculture/api/code/app/views/farms/index.ctp, line 22]
2011-05-09 16:41:46 Notice: Notice (8): Undefined index: PropertyID in [/home/matthewm/Documents/Development/Agriculture/api/code/app/views/farms/index.ctp, line 23]
2011-05-09 21:28:28 Notice: Notice (8): Undefined index: firstname in [/home/matthewm/Documents/Development/Agriculture/api/code/app/views/farms/index.ctp, line 21]
2011-05-09 21:28:28 Notice: Notice (8): Undefined index: lastname in [/home/matthewm/Documents/Development/Agriculture/api/code/app/views/farms/index.ctp, line 22]
2011-05-09 21:28:28 Notice: Notice (8): Undefined index: PropertyID in [/home/matthewm/Documents/Development/Agriculture/api/code/app/views/farms/index.ctp, line 23]
2011-05-09 21:28:33 Notice: Notice (8): Undefined offset: 0 in [/home/matthewm/Documents/Development/Agriculture/api/code/app/views/crops/index.ctp, line 15]
2011-05-09 21:28:38 Notice: Notice (8): Undefined index: PriceMonth in [/home/matthewm/Documents/Development/Agriculture/api/code/app/views/prices/index.ctp, line 22]
